\BOOKMARK [1][-]{section.1}{\376\377\000I\000n\000t\000r\000o\000d\000u\000c\000t\000i\000o\000n}{}% 1
\BOOKMARK [2][-]{subsection.1.1}{\376\377\000P\000r\000\351\000s\000e\000n\000t\000a\000t\000i\000o\000n\000\040\000d\000u\000\040\000s\000u\000j\000e\000t}{section.1}% 2
\BOOKMARK [2][-]{subsection.1.2}{\376\377\000R\000e\000l\000a\000t\000i\000o\000n\000\040\000e\000n\000t\000r\000e\000\040\000i\000n\000f\000o\000r\000m\000a\000t\000i\000q\000u\000e\000\040\000q\000u\000a\000n\000t\000i\000q\000u\000e\000\040\000e\000t\000\040\000p\000h\000y\000s\000i\000q\000u\000e\000\040\000q\000u\000a\000n\000t\000i\000q\000u\000e}{section.1}% 3
\BOOKMARK [1][-]{section.2}{\376\377\000I\000n\000f\000o\000r\000m\000a\000t\000i\000q\000u\000e\000\040\000c\000l\000a\000s\000s\000i\000q\000u\000e\000\040\000e\000t\000\040\000I\000n\000f\000o\000r\000m\000a\000t\000i\000q\000u\000e\000\040\000q\000u\000a\000n\000t\000i\000q\000u\000e}{}% 4
\BOOKMARK [2][-]{subsection.2.1}{\376\377\000B\000i\000t\000s\000\040\000c\000l\000a\000s\000s\000i\000q\000u\000e\000s}{section.2}% 5
\BOOKMARK [2][-]{subsection.2.2}{\376\377\000Q\000u\000b\000i\000t\000s\000\040\000q\000u\000a\000n\000t\000i\000q\000u\000e\000s}{section.2}% 6
\BOOKMARK [2][-]{subsection.2.3}{\376\377\000C\000o\000m\000p\000a\000r\000a\000i\000s\000o\000n}{section.2}% 7
\BOOKMARK [1][-]{section.3}{\376\377\000P\000r\000o\000p\000r\000i\000\351\000t\000\351\000s\000\040\000f\000o\000n\000d\000a\000m\000e\000n\000t\000a\000l\000e\000s\000\040\000d\000e\000\040\000l\000'\000i\000n\000f\000o\000r\000m\000a\000t\000i\000q\000u\000e\000\040\000q\000u\000a\000n\000t\000i\000q\000u\000e}{}% 8
\BOOKMARK [2][-]{subsection.3.1}{\376\377\000S\000u\000p\000e\000r\000p\000o\000s\000i\000t\000i\000o\000n}{section.3}% 9
\BOOKMARK [2][-]{subsection.3.2}{\376\377\000M\000e\000s\000u\000r\000e}{section.3}% 10
\BOOKMARK [2][-]{subsection.3.3}{\376\377\000I\000n\000t\000r\000i\000c\000a\000t\000i\000o\000n\000\040\000\050\000E\000n\000t\000a\000n\000g\000l\000e\000m\000e\000n\000t\000\051}{section.3}% 11
\BOOKMARK [2][-]{subsection.3.4}{\376\377\000P\000o\000r\000t\000e\000\040\000q\000u\000a\000n\000t\000i\000q\000u\000e\000\040\000e\000t\000\040\000c\000a\000l\000c\000u\000l\000\040\000q\000u\000a\000n\000t\000i\000q\000u\000e}{section.3}% 12
\BOOKMARK [3][-]{subsubsection.3.4.1}{\376\377\000P\000o\000r\000t\000e\000\040\000H\000a\000d\000a\000m\000a\000r\000d\000\040\000\050\000H\000\051}{subsection.3.4}% 13
\BOOKMARK [3][-]{subsubsection.3.4.2}{\376\377\000P\000o\000r\000t\000e\000\040\000C\000N\000O\000T}{subsection.3.4}% 14
\BOOKMARK [2][-]{subsection.3.5}{\376\377\000I\000n\000t\000e\000r\000f\000\351\000r\000e\000n\000c\000e}{section.3}% 15
\BOOKMARK [1][-]{section.4}{\376\377\000E\000x\000e\000m\000p\000l\000e\000\040\000d\000'\000a\000p\000p\000l\000i\000c\000a\000t\000i\000o\000n\000\040\000:\000\040\000G\000\351\000n\000\351\000r\000a\000t\000i\000o\000n\000\040\000d\000e\000\040\000N\000o\000m\000b\000r\000e\000\040\000a\000l\000\351\000a\000t\000o\000i\000r\000e}{}% 16
\BOOKMARK [2][-]{subsection.4.1}{\376\377\000P\000r\000o\000b\000l\000\351\000m\000a\000t\000i\000q\000u\000e}{section.4}% 17
\BOOKMARK [2][-]{subsection.4.2}{\376\377\000F\000o\000n\000c\000t\000i\000o\000n\000n\000e\000m\000e\000n\000t}{section.4}% 18
\BOOKMARK [2][-]{subsection.4.3}{\376\377\000C\000o\000m\000p\000a\000r\000a\000i\000s\000o\000n\000\040\000d\000e\000s\000\040\000m\000\351\000t\000h\000o\000d\000e\000s}{section.4}% 19
\BOOKMARK [1][-]{section.5}{\376\377\000E\000x\000p\000\351\000r\000i\000m\000e\000n\000t\000a\000t\000i\000o\000n\000\040\000:\000\040\000c\000o\000d\000e\000r\000\040\000u\000n\000\040\000a\000l\000g\000o\000r\000i\000t\000h\000m\000e\000\040\000q\000u\000a\000n\000t\000i\000q\000u\000e}{}% 20
\BOOKMARK [2][-]{subsection.5.1}{\376\377\000I\000n\000t\000r\000o\000d\000u\000c\000t\000i\000o\000n}{section.5}% 21
\BOOKMARK [3][-]{subsubsection.5.1.1}{\376\377\000L\000e\000s\000\040\000s\000c\000h\000\351\000m\000a\000s\000\040\000d\000e\000\040\000c\000i\000r\000c\000u\000i\000t\000s\000\040\000q\000u\000a\000n\000t\000i\000q\000u\000e\000s}{subsection.5.1}% 22
\BOOKMARK [2][-]{subsection.5.2}{\376\377\000C\000o\000d\000e\000\040\000d\000e\000\040\000l\000'\000a\000l\000g\000o\000r\000i\000t\000h\000m\000e}{section.5}% 23
\BOOKMARK [3][-]{subsubsection.5.2.1}{\376\377\000P\000r\000\351\000r\000e\000q\000u\000i\000s}{subsection.5.2}% 24
\BOOKMARK [3][-]{subsubsection.5.2.2}{\376\377\000I\000n\000i\000t\000i\000a\000l\000i\000s\000a\000t\000i\000o\000n\000\040\000d\000u\000\040\000c\000i\000r\000c\000u\000i\000t}{subsection.5.2}% 25
\BOOKMARK [3][-]{subsubsection.5.2.3}{\376\377\000E\000x\000\351\000c\000u\000t\000i\000o\000n\000\040\000d\000u\000\040\000c\000i\000r\000c\000u\000i\000t}{subsection.5.2}% 26
\BOOKMARK [3][-]{subsubsection.5.2.4}{\376\377\000V\000i\000s\000u\000a\000l\000i\000s\000a\000t\000i\000o\000n\000\040\000d\000u\000\040\000c\000i\000r\000c\000u\000i\000t}{subsection.5.2}% 27
\BOOKMARK [2][-]{subsection.5.3}{\376\377\000C\000o\000n\000c\000l\000u\000s\000i\000o\000n\000\040\000d\000e\000\040\000l\000'\000e\000x\000p\000\351\000r\000i\000m\000e\000n\000t\000a\000t\000i\000o\000n}{section.5}% 28
\BOOKMARK [1][-]{section.6}{\376\377\000L\000i\000m\000i\000t\000e\000s\000\040\000e\000t\000\040\000p\000e\000r\000s\000p\000e\000c\000t\000i\000v\000e\000s}{}% 29
\BOOKMARK [2][-]{subsection.6.1}{\376\377\000D\000\351\000f\000i\000s\000\040\000a\000c\000t\000u\000e\000l\000s}{section.6}% 30
\BOOKMARK [2][-]{subsection.6.2}{\376\377\000F\000u\000t\000u\000r\000\040\000d\000e\000\040\000l\000'\000i\000n\000f\000o\000r\000m\000a\000t\000i\000q\000u\000e\000\040\000q\000u\000a\000n\000t\000i\000q\000u\000e}{section.6}% 31
\BOOKMARK [1][-]{section.7}{\376\377\000C\000o\000n\000c\000l\000u\000s\000i\000o\000n\000\040\000e\000t\000\040\000Q\000\046\000A}{}% 32
\BOOKMARK [2][-]{subsection.7.1}{\376\377\000R\000\351\000c\000a\000p\000i\000t\000u\000l\000a\000t\000i\000f\000\040\000d\000e\000s\000\040\000p\000o\000i\000n\000t\000s\000\040\000c\000l\000\351\000s}{section.7}% 33
\BOOKMARK [2][-]{subsection.7.2}{\376\377\000S\000e\000s\000s\000i\000o\000n\000\040\000d\000e\000\040\000q\000u\000e\000s\000t\000i\000o\000n\000s\000-\000r\000\351\000p\000o\000n\000s\000e\000s}{section.7}% 34
\BOOKMARK [1][-]{section.8}{\376\377\000A\000n\000n\000e\000x\000e\000s}{}% 35
\BOOKMARK [2][-]{subsection.8.1}{\376\377\000G\000l\000o\000s\000s\000a\000i\000r\000e}{section.8}% 36
\BOOKMARK [2][-]{subsection.8.2}{\376\377\000L\000i\000e\000n\000s\000\040\000u\000t\000i\000l\000e\000s}{section.8}% 37
\BOOKMARK [2][-]{subsection.8.3}{\376\377\000L\000'\000u\000t\000i\000l\000i\000s\000a\000t\000i\000o\000n\000\040\000d\000e\000\040\000l\000'\000i\000n\000t\000e\000l\000l\000i\000g\000e\000n\000c\000e\000\040\000a\000r\000t\000i\000f\000i\000c\000i\000e\000l\000l\000e\000\040\000p\000o\000u\000r\000\040\000l\000a\000\040\000r\000e\000c\000h\000e\000r\000c\000h\000e\000\040\000e\000t\000\040\000l\000a\000\040\000r\000\351\000d\000a\000c\000t\000i\000o\000n}{section.8}% 38
\BOOKMARK [1][-]{section.9}{\376\377\000B\000i\000b\000l\000i\000o\000g\000r\000a\000p\000h\000i\000e}{}% 39
