\BOOKMARK [1][-]{section.1}{\376\377\000N\000o\000m\000\040\000d\000u\000\040\000l\000a\000n\000g\000a\000g\000e}{}% 1
\BOOKMARK [1][-]{section.2}{\376\377\000C\000r\000\351\000a\000t\000e\000u\000r}{}% 2
\BOOKMARK [1][-]{section.3}{\376\377\000P\000r\000e\000m\000i\000\350\000r\000e\000\040\000a\000p\000p\000a\000r\000i\000t\000i\000o\000n}{}% 3
\BOOKMARK [1][-]{section.4}{\376\377\000P\000a\000r\000a\000d\000i\000g\000m\000e\000s}{}% 4
\BOOKMARK [1][-]{section.5}{\376\377\000T\000y\000p\000a\000g\000e}{}% 5
\BOOKMARK [1][-]{section.6}{\376\377\000P\000e\000u\000t\000-\000o\000n\000\040\000c\000r\000\351\000e\000r\000\040\000d\000e\000\040\000n\000o\000u\000v\000e\000a\000u\000\040\000t\000y\000p\000e\000\040\000?}{}% 6
\BOOKMARK [1][-]{section.7}{\376\377\000D\000i\000f\000f\000\351\000r\000e\000n\000t\000s\000\040\000t\000y\000p\000e\000s}{}% 7
\BOOKMARK [1][-]{section.8}{\376\377\000G\000e\000s\000t\000i\000o\000n\000\040\000d\000e\000\040\000l\000a\000\040\000m\000\351\000m\000o\000i\000r\000e}{}% 8
\BOOKMARK [1][-]{section.9}{\376\377\000S\000\351\000c\000u\000r\000i\000t\000\351}{}% 9
\BOOKMARK [1][-]{section.10}{\376\377\000I\000n\000t\000e\000r\000o\000p\000\351\000r\000a\000b\000i\000l\000i\000t\000\351}{}% 10
\BOOKMARK [1][-]{section.11}{\376\377\000U\000t\000i\000l\000i\000s\000a\000t\000i\000o\000n\000s\000\040\000c\000o\000u\000r\000a\000n\000t\000e\000s}{}% 11
\BOOKMARK [1][-]{section.12}{\376\377\000N\000i\000v\000e\000a\000u\000\040\000d\000'\000a\000b\000s\000t\000r\000a\000c\000t\000i\000o\000n}{}% 12
\BOOKMARK [1][-]{section.13}{\376\377\000P\000o\000p\000u\000l\000a\000r\000i\000t\000\351}{}% 13
\BOOKMARK [1][-]{section.14}{\376\377\000M\000u\000t\000a\000b\000i\000l\000i\000t\000\351}{}% 14
\BOOKMARK [1][-]{section.15}{\376\377\000S\000y\000n\000t\000a\000x\000e}{}% 15
\BOOKMARK [2][-]{subsection.15.1}{\376\377\000P\000r\000i\000n\000t\000\040\000"\000H\000e\000l\000l\000o\000,\000\040\000w\000o\000r\000l\000d\000!\000"}{section.15}% 16
\BOOKMARK [2][-]{subsection.15.2}{\376\377\000F\000o\000n\000c\000t\000i\000o\000n\000s}{section.15}% 17
\BOOKMARK [2][-]{subsection.15.3}{\376\377\000S\000t\000r\000u\000c\000t\000u\000r\000e\000s}{section.15}% 18
\BOOKMARK [2][-]{subsection.15.4}{\376\377\000E\000n\000u\000m\000\351\000r\000a\000t\000i\000o\000n\000s}{section.15}% 19
\BOOKMARK [2][-]{subsection.15.5}{\376\377\000T\000r\000a\000i\000t\000s}{section.15}% 20
\BOOKMARK [2][-]{subsection.15.6}{\376\377\000G\000e\000s\000t\000i\000o\000n\000\040\000d\000e\000s\000\040\000e\000r\000r\000e\000u\000r\000s}{section.15}% 21
\BOOKMARK [2][-]{subsection.15.7}{\376\377\000I\000t\000\351\000r\000a\000t\000e\000u\000r\000s}{section.15}% 22
\BOOKMARK [2][-]{subsection.15.8}{\376\377\000P\000a\000t\000t\000e\000r\000n\000\040\000m\000a\000t\000c\000h\000i\000n\000g}{section.15}% 23
\BOOKMARK [2][-]{subsection.15.9}{\376\377\000G\000e\000s\000t\000i\000o\000n\000\040\000d\000e\000\040\000l\000a\000\040\000m\000\351\000m\000o\000i\000r\000e}{section.15}% 24
\BOOKMARK [2][-]{subsection.15.10}{\376\377\000B\000o\000o\000l\000e\000e\000n\000s}{section.15}% 25
